<?xml version="1.0" encoding="UTF-8"?>
<!-- Generated by org.testng.reporters.JUnitXMLReporter -->
<testsuite ignored="0" hostname="Darshu_PC" failures="1" tests="1" name="Default test(failed)" time="1.839" errors="0" timestamp="2026-06-20T09:57:21 IST">
  <testcase classname="com.demoapps.testBase.BaseTest" name="testSetp" time="1.777">
    <failure type="com.demoappsframework.FrameWorkExpections.ApplicationExceptions" message="Failed to enter testurl-[BrowserControls]-&amp;gt;enterUrl()">
      <![CDATA[com.demoappsframework.FrameWorkExpections.ApplicationExceptions: Failed to enter testurl-[BrowserControls]->enterUrl()
at com.demoappsframework.utilities.BrowserControls.enterUrl(BrowserControls.java:27)
at com.demoapps.testBase.BaseTest.testSetp(BaseTest.java:26)
at java.base/java.util.ArrayList.forEach(ArrayList.java:1596)
... Removed 25 stack frames]]>
    </failure>
  </testcase> <!-- testSetp -->
</testsuite> <!-- Default test(failed) -->
