<?xml version="1.0" encoding="UTF-8"?>
<!-- Generated by org.testng.reporters.JUnitXMLReporter -->
<testsuite ignored="0" hostname="Darshu_PC" failures="0" tests="1" name="Test" time="0.041" errors="0" timestamp="2026-06-26T12:29:01 IST">
  <testcase classname="com.demoapps.testBase.BaseTest" name="@BeforeTest browserSetup" time="-1.782457141004E9">
    <failure type="org.testng.TestNGException" message="
Can inject only one of &amp;lt;ITestContext, XmlTest&amp;gt; into a @BeforeTest annotated browserSetup.
For more information on native dependency injection please refer to https://testng.org/#_dependency_injection">
      <![CDATA[org.testng.TestNGException: 
Can inject only one of <ITestContext, XmlTest> into a @BeforeTest annotated browserSetup.
For more information on native dependency injection please refer to https://testng.org/#_dependency_injection
... Removed 21 stack frames]]>
    </failure>
  </testcase> <!-- @BeforeTest browserSetup -->
  <testcase classname="com.demoapps.testcase.ExmpleTest" name="testRun" time="0.0">
    <skipped/>
  </testcase> <!-- testRun -->
</testsuite> <!-- Test -->
