<?xml version="1.0" encoding="UTF-8"?>
<!-- Generated by org.testng.reporters.JUnitXMLReporter -->
<testsuite ignored="6" hostname="Darshu_PC" failures="0" tests="1" name="Default test" time="8.988" errors="0" timestamp="2026-06-29T13:53:25 IST">
  <testcase classname="com.demoapps.testcase.SmokeTestCase" name="verifyTitleOfAllLinks" time="4.08"/>
  <testcase classname="com.demoapps.testcase.SmokeTestCase" name="smokeTc_07" time="0.0">
    <ignored/>
  </testcase> <!-- smokeTc_07 -->
  <testcase classname="com.demoapps.testcase.SmokeTestCase" name="smokeTC_02" time="0.0">
    <ignored/>
  </testcase> <!-- smokeTC_02 -->
  <testcase classname="com.demoapps.testcase.SmokeTestCase" name="smokeTC_03" time="0.0">
    <ignored/>
  </testcase> <!-- smokeTC_03 -->
  <testcase classname="com.demoapps.testcase.SmokeTestCase" name="smokeTC_06" time="0.0">
    <ignored/>
  </testcase> <!-- smokeTC_06 -->
  <testcase classname="com.demoapps.testcase.SmokeTestCase" name="smokeTC_01" time="0.0">
    <ignored/>
  </testcase> <!-- smokeTC_01 -->
  <testcase classname="com.demoapps.testcase.SmokeTestCase" name="smokeTC_04" time="0.0">
    <ignored/>
  </testcase> <!-- smokeTC_04 -->
</testsuite> <!-- Default test -->
