<?xml version="1.0" encoding="UTF-8"?>
<!-- Generated by org.testng.reporters.JUnitXMLReporter -->
<testsuite ignored="0" hostname="Darshu_PC" failures="1" tests="1" name="SampleRegisterTest" time="8.189" errors="0" timestamp="2026-06-30T11:34:06 IST">
  <testcase classname="com.demoapps.testcase.FuncationalTestCase" name="FC_01userRegistrationPage" time="1.315">
    <failure type="java.lang.AssertionError" message="null">
      <![CDATA[java.lang.AssertionError: null
at com.demoapps.testcase.FuncationalTestCase.FC_01userRegistrationPage(FuncationalTestCase.java:28)
at java.base/java.util.ArrayList.forEach(ArrayList.java:1596)
... Removed 27 stack frames]]>
    </failure>
  </testcase> <!-- FC_01userRegistrationPage -->
</testsuite> <!-- SampleRegisterTest -->
