<?xml version="1.0" encoding="UTF-8"?>
<!-- Generated by org.testng.reporters.JUnitXMLReporter -->
<testsuite ignored="0" hostname="Darshu_PC" failures="6" tests="6" name="Test" time="26.183" errors="0" timestamp="2026-06-30T10:57:08 IST">
  <testcase classname="com.demoapps.testcase.IntegrationTestCase" name="iTC_06VerifyMultipleCartProducts" time="2.493">
    <failure type="java.lang.AssertionError" message="null">
      <![CDATA[java.lang.AssertionError: null
at com.demoapps.testcase.IntegrationTestCase.iTC_06VerifyMultipleCartProducts(IntegrationTestCase.java:50)
at java.base/java.util.ArrayList.forEach(ArrayList.java:1596)
... Removed 27 stack frames]]>
    </failure>
  </testcase> <!-- iTC_06VerifyMultipleCartProducts -->
  <testcase classname="com.demoapps.testcase.IntegrationTestCase" name="iTC_06VerifyMultipleCartProducts" time="2.264">
    <failure type="java.lang.AssertionError" message="null">
      <![CDATA[java.lang.AssertionError: null
at com.demoapps.testcase.IntegrationTestCase.iTC_06VerifyMultipleCartProducts(IntegrationTestCase.java:50)
at java.base/java.util.ArrayList.forEach(ArrayList.java:1596)
... Removed 27 stack frames]]>
    </failure>
  </testcase> <!-- iTC_06VerifyMultipleCartProducts -->
  <testcase classname="com.demoapps.testcase.IntegrationTestCase" name="iTC_06VerifyMultipleCartProducts" time="2.438">
    <failure type="java.lang.AssertionError" message="null">
      <![CDATA[java.lang.AssertionError: null
at com.demoapps.testcase.IntegrationTestCase.iTC_06VerifyMultipleCartProducts(IntegrationTestCase.java:50)
at java.base/java.util.ArrayList.forEach(ArrayList.java:1596)
... Removed 27 stack frames]]>
    </failure>
  </testcase> <!-- iTC_06VerifyMultipleCartProducts -->
  <testcase classname="com.demoapps.testcase.IntegrationTestCase" name="iTC_06VerifyMultipleCartProducts" time="2.399">
    <failure type="java.lang.AssertionError" message="null">
      <![CDATA[java.lang.AssertionError: null
at com.demoapps.testcase.IntegrationTestCase.iTC_06VerifyMultipleCartProducts(IntegrationTestCase.java:50)
at java.base/java.util.ArrayList.forEach(ArrayList.java:1596)
... Removed 27 stack frames]]>
    </failure>
  </testcase> <!-- iTC_06VerifyMultipleCartProducts -->
  <testcase classname="com.demoapps.testcase.IntegrationTestCase" name="iTC_06VerifyMultipleCartProducts" time="2.454">
    <failure type="java.lang.AssertionError" message="null">
      <![CDATA[java.lang.AssertionError: null
at com.demoapps.testcase.IntegrationTestCase.iTC_06VerifyMultipleCartProducts(IntegrationTestCase.java:50)
at java.base/java.util.ArrayList.forEach(ArrayList.java:1596)
... Removed 27 stack frames]]>
    </failure>
  </testcase> <!-- iTC_06VerifyMultipleCartProducts -->
  <testcase classname="com.demoapps.testcase.IntegrationTestCase" name="iTC_06VerifyMultipleCartProducts" time="2.374">
    <failure type="java.lang.AssertionError" message="null">
      <![CDATA[java.lang.AssertionError: null
at com.demoapps.testcase.IntegrationTestCase.iTC_06VerifyMultipleCartProducts(IntegrationTestCase.java:50)
at java.base/java.util.ArrayList.forEach(ArrayList.java:1596)
... Removed 27 stack frames]]>
    </failure>
  </testcase> <!-- iTC_06VerifyMultipleCartProducts -->
</testsuite> <!-- Test -->
