<?xml version="1.0" encoding="UTF-8"?>
<!-- Generated by org.testng.reporters.JUnitXMLReporter -->
<testsuite ignored="0" hostname="Darshu_PC" failures="1" tests="7" name="Test" time="5.215" errors="0" timestamp="2026-06-29T09:34:25 IST">
  <testcase classname="com.demoapps.testcase.SmokeTestCase" name="smokeTC_01" time="0.075">
    <failure type="java.lang.AssertionError" message="null">
      <![CDATA[java.lang.AssertionError: null
at com.demoapps.testcase.SmokeTestCase.smokeTC_01(SmokeTestCase.java:16)
at java.base/java.util.ArrayList.forEach(ArrayList.java:1596)
... Removed 27 stack frames]]>
    </failure>
  </testcase> <!-- smokeTC_01 -->
  <testcase classname="com.demoapps.testcase.SmokeTestCase" name="smokeTC_02" time="0.036"/>
  <testcase classname="com.demoapps.testcase.SmokeTestCase" name="smokeTC_03" time="0.038"/>
  <testcase classname="com.demoapps.testcase.SmokeTestCase" name="smokeTC_04" time="0.035"/>
  <testcase classname="com.demoapps.testcase.SmokeTestCase" name="smokeTC_05" time="0.034"/>
  <testcase classname="com.demoapps.testcase.SmokeTestCase" name="smokeTC_06" time="0.037"/>
  <testcase classname="com.demoapps.testcase.SmokeTestCase" name="smokeTc_07" time="0.521"/>
</testsuite> <!-- Test -->
