<?xml version="1.0" encoding="UTF-8"?>
<!-- Generated by org.testng.reporters.JUnitXMLReporter -->
<testsuite ignored="0" hostname="Darshu_PC" failures="2" tests="17" name="ChromeTest" time="40.565" errors="0" timestamp="2026-06-30T12:24:22 IST">
  <testcase classname="com.demoapps.testBase.BaseTest" name="@BeforeClass browserSetup" time="2.753">
    <failure type="com.demoappsframework.FrameWorkExpections.ApplicationExceptions" message="Failed to maximize browser-[BrowserControls]-&amp;gt;maxmizeBrowser()">
      <![CDATA[com.demoappsframework.FrameWorkExpections.ApplicationExceptions: Failed to maximize browser-[BrowserControls]->maxmizeBrowser()
at com.demoappsframework.utilities.BrowserControls.maxmizeBrowser(BrowserControls.java:59)
at com.demoapps.testBase.BaseTest.browserSetup(BaseTest.java:55)
at java.base/java.util.ArrayList.forEach(ArrayList.java:1596)
at java.base/java.util.concurrent.FutureTask.run(FutureTask.java:317)
at java.base/java.util.concurrent.ThreadPoolExecutor.runWorker(ThreadPoolExecutor.java:1144)
at java.base/java.util.concurrent.ThreadPoolExecutor$Worker.run(ThreadPoolExecutor.java:642)
at java.base/java.lang.Thread.run(Thread.java:1583)
... Removed 13 stack frames]]>
    </failure>
  </testcase> <!-- @BeforeClass browserSetup -->
  <testcase classname="com.demoapps.testBase.BaseTest" name="@BeforeClass browserSetup" time="2.848">
    <failure type="com.demoappsframework.FrameWorkExpections.ApplicationExceptions" message="Failed to maximize browser-[BrowserControls]-&amp;gt;maxmizeBrowser()">
      <![CDATA[com.demoappsframework.FrameWorkExpections.ApplicationExceptions: Failed to maximize browser-[BrowserControls]->maxmizeBrowser()
at com.demoappsframework.utilities.BrowserControls.maxmizeBrowser(BrowserControls.java:59)
at com.demoapps.testBase.BaseTest.browserSetup(BaseTest.java:55)
at java.base/java.util.ArrayList.forEach(ArrayList.java:1596)
at java.base/java.util.concurrent.FutureTask.run(FutureTask.java:317)
at java.base/java.util.concurrent.ThreadPoolExecutor.runWorker(ThreadPoolExecutor.java:1144)
at java.base/java.util.concurrent.ThreadPoolExecutor$Worker.run(ThreadPoolExecutor.java:642)
at java.base/java.lang.Thread.run(Thread.java:1583)
... Removed 13 stack frames]]>
    </failure>
  </testcase> <!-- @BeforeClass browserSetup -->
  <testcase classname="com.demoapps.testBase.BaseTest" name="@AfterMethod attachScreenShotChainTest" time="0.0">
    <skipped/>
  </testcase> <!-- @AfterMethod attachScreenShotChainTest -->
  <testcase classname="com.demoapps.testBase.BaseTest" name="@AfterMethod attachScreenShotChainTest" time="0.0">
    <skipped/>
  </testcase> <!-- @AfterMethod attachScreenShotChainTest -->
  <testcase classname="com.demoapps.testBase.BaseTest" name="@AfterClass closeBrowser" time="0.0">
    <skipped/>
  </testcase> <!-- @AfterClass closeBrowser -->
  <testcase classname="com.demoapps.testBase.BaseTest" name="@AfterClass closeBrowser" time="0.0">
    <skipped/>
  </testcase> <!-- @AfterClass closeBrowser -->
  <testcase classname="com.demoapps.testBase.BaseTest" name="@BeforeClass browserSetup" time="2.197">
    <failure type="com.demoappsframework.FrameWorkExpections.ApplicationExceptions" message="Failed to maximize browser-[BrowserControls]-&amp;gt;maxmizeBrowser()">
      <![CDATA[com.demoappsframework.FrameWorkExpections.ApplicationExceptions: Failed to maximize browser-[BrowserControls]->maxmizeBrowser()
at com.demoappsframework.utilities.BrowserControls.maxmizeBrowser(BrowserControls.java:59)
at com.demoapps.testBase.BaseTest.browserSetup(BaseTest.java:55)
at java.base/java.util.ArrayList.forEach(ArrayList.java:1596)
at java.base/java.util.concurrent.FutureTask.run(FutureTask.java:317)
at java.base/java.util.concurrent.ThreadPoolExecutor.runWorker(ThreadPoolExecutor.java:1144)
at java.base/java.util.concurrent.ThreadPoolExecutor$Worker.run(ThreadPoolExecutor.java:642)
at java.base/java.lang.Thread.run(Thread.java:1583)
... Removed 13 stack frames]]>
    </failure>
  </testcase> <!-- @BeforeClass browserSetup -->
  <testcase classname="com.demoapps.testBase.BaseTest" name="@AfterMethod attachScreenShotChainTest" time="0.0">
    <skipped/>
  </testcase> <!-- @AfterMethod attachScreenShotChainTest -->
  <testcase classname="com.demoapps.testBase.BaseTest" name="@AfterMethod attachScreenShotChainTest" time="0.0">
    <skipped/>
  </testcase> <!-- @AfterMethod attachScreenShotChainTest -->
  <testcase classname="com.demoapps.testBase.BaseTest" name="@AfterMethod attachScreenShotChainTest" time="0.0">
    <skipped/>
  </testcase> <!-- @AfterMethod attachScreenShotChainTest -->
  <testcase classname="com.demoapps.testBase.BaseTest" name="@AfterMethod attachScreenShotChainTest" time="0.0">
    <skipped/>
  </testcase> <!-- @AfterMethod attachScreenShotChainTest -->
  <testcase classname="com.demoapps.testBase.BaseTest" name="@AfterMethod attachScreenShotChainTest" time="0.0">
    <skipped/>
  </testcase> <!-- @AfterMethod attachScreenShotChainTest -->
  <testcase classname="com.demoapps.testBase.BaseTest" name="@AfterMethod attachScreenShotChainTest" time="0.0">
    <skipped/>
  </testcase> <!-- @AfterMethod attachScreenShotChainTest -->
  <testcase classname="com.demoapps.testBase.BaseTest" name="@AfterMethod attachScreenShotChainTest" time="0.0">
    <skipped/>
  </testcase> <!-- @AfterMethod attachScreenShotChainTest -->
  <testcase classname="com.demoapps.testBase.BaseTest" name="@AfterMethod attachScreenShotChainTest" time="0.0">
    <skipped/>
  </testcase> <!-- @AfterMethod attachScreenShotChainTest -->
  <testcase classname="com.demoapps.testBase.BaseTest" name="@AfterMethod attachScreenShotChainTest" time="0.0">
    <skipped/>
  </testcase> <!-- @AfterMethod attachScreenShotChainTest -->
  <testcase classname="com.demoapps.testBase.BaseTest" name="@AfterMethod attachScreenShotChainTest" time="0.0">
    <skipped/>
  </testcase> <!-- @AfterMethod attachScreenShotChainTest -->
  <testcase classname="com.demoapps.testBase.BaseTest" name="@AfterClass closeBrowser" time="0.0">
    <skipped/>
  </testcase> <!-- @AfterClass closeBrowser -->
  <testcase classname="com.demoapps.testcase.FuncationalTestCase" name="FC_01userRegistrationPage" time="0.0">
    <skipped/>
  </testcase> <!-- FC_01userRegistrationPage -->
  <testcase classname="com.demoapps.testcase.IntegrationTestCase" name="iTC_06VerifyMultipleCartProducts" time="1.92"/>
  <testcase classname="com.demoapps.testcase.IntegrationTestCase" name="iTC_06VerifyMultipleCartProducts" time="11.824">
    <failure type="com.demoappsframework.FrameWorkExpections.ApplicationExceptions" message="Failed to locate the element-[WaitingStratgey]-&amp;gt;locateElement()">
      <![CDATA[com.demoappsframework.FrameWorkExpections.ApplicationExceptions: Failed to locate the element-[WaitingStratgey]->locateElement()
at com.demoappsframework.utilities.WaitingStratgey.locateElement(WaitingStratgey.java:30)
at com.demoappsframwork.PageLayers.WelcomePage.verifyMultipleProductsCart(WelcomePage.java:145)
at com.demoapps.testcase.IntegrationTestCase.iTC_06VerifyMultipleCartProducts(IntegrationTestCase.java:48)
at java.base/java.util.ArrayList.forEach(ArrayList.java:1596)
at java.base/java.util.concurrent.FutureTask.run(FutureTask.java:317)
at java.base/java.util.concurrent.ThreadPoolExecutor.runWorker(ThreadPoolExecutor.java:1144)
at java.base/java.util.concurrent.ThreadPoolExecutor$Worker.run(ThreadPoolExecutor.java:642)
at java.base/java.lang.Thread.run(Thread.java:1583)
... Removed 15 stack frames]]>
    </failure>
  </testcase> <!-- iTC_06VerifyMultipleCartProducts -->
  <testcase classname="com.demoapps.testcase.IntegrationTestCase" name="iTC_06VerifyMultipleCartProducts" time="1.991"/>
  <testcase classname="com.demoapps.testcase.IntegrationTestCase" name="iTC_06VerifyMultipleCartProducts" time="2.251"/>
  <testcase classname="com.demoapps.testcase.IntegrationTestCase" name="iTC_06VerifyMultipleCartProducts" time="2.603"/>
  <testcase classname="com.demoapps.testcase.IntegrationTestCase" name="iTC_06VerifyMultipleCartProducts" time="1.807"/>
  <testcase classname="com.demoapps.testcase.SmokeTestCase" name="smokeTC_01" time="0.03">
    <failure type="java.lang.AssertionError" message="null">
      <![CDATA[java.lang.AssertionError: null
at com.demoapps.testcase.SmokeTestCase.smokeTC_01(SmokeTestCase.java:16)
at java.base/java.util.ArrayList.forEach(ArrayList.java:1596)
at java.base/java.util.concurrent.FutureTask.run(FutureTask.java:317)
at java.base/java.util.concurrent.ThreadPoolExecutor.runWorker(ThreadPoolExecutor.java:1144)
at java.base/java.util.concurrent.ThreadPoolExecutor$Worker.run(ThreadPoolExecutor.java:642)
at java.base/java.lang.Thread.run(Thread.java:1583)
... Removed 17 stack frames]]>
    </failure>
  </testcase> <!-- smokeTC_01 -->
  <testcase classname="com.demoapps.testcase.SmokeTestCase" name="smokeTC_02" time="0.026"/>
  <testcase classname="com.demoapps.testcase.SmokeTestCase" name="smokeTC_03" time="0.031"/>
  <testcase classname="com.demoapps.testcase.SmokeTestCase" name="smokeTC_04" time="0.026"/>
  <testcase classname="com.demoapps.testcase.SmokeTestCase" name="smokeTC_06" time="0.021"/>
  <testcase classname="com.demoapps.testcase.SmokeTestCase" name="smokeTc_07" time="0.573"/>
  <testcase classname="com.demoapps.testcase.SmokeTestCase" name="verifyTitleOfApparelAndShoes" time="0.942"/>
  <testcase classname="com.demoapps.testcase.SmokeTestCase" name="verifyTitleOfBookPage" time="0.963"/>
  <testcase classname="com.demoapps.testcase.SmokeTestCase" name="verifyTitleOfElectronicsPage" time="0.748"/>
  <testcase classname="com.demoapps.testcase.SmokeTestCase" name="verifyTitleOfJewelryPage" time="0.768"/>
</testsuite> <!-- ChromeTest -->
