<?xml version="1.0" encoding="UTF-8"?>
<!-- Generated by org.testng.reporters.JUnitXMLReporter -->
<testsuite ignored="0" hostname="Darshu_PC" failures="3" tests="13" name="EdgeTest" time="31.96" errors="0" timestamp="2026-06-30T12:24:14 IST">
  <testcase classname="com.demoapps.testcase.FuncationalTestCase" name="FC_01userRegistrationPage" time="1.122">
    <failure type="java.lang.AssertionError" message="null">
      <![CDATA[java.lang.AssertionError: null
at com.demoapps.testcase.FuncationalTestCase.FC_01userRegistrationPage(FuncationalTestCase.java:28)
at java.base/java.util.ArrayList.forEach(ArrayList.java:1596)
at java.base/java.util.concurrent.FutureTask.run(FutureTask.java:317)
at java.base/java.util.concurrent.ThreadPoolExecutor.runWorker(ThreadPoolExecutor.java:1144)
at java.base/java.util.concurrent.ThreadPoolExecutor$Worker.run(ThreadPoolExecutor.java:642)
at java.base/java.lang.Thread.run(Thread.java:1583)
... Removed 17 stack frames]]>
    </failure>
  </testcase> <!-- FC_01userRegistrationPage -->
  <testcase classname="com.demoapps.testcase.IntegrationTestCase" name="iTC_06VerifyMultipleCartProducts" time="11.952">
    <failure type="com.demoappsframework.FrameWorkExpections.ApplicationExceptions" message="Failed to locate the element-[WaitingStratgey]-&amp;gt;locateElement()">
      <![CDATA[com.demoappsframework.FrameWorkExpections.ApplicationExceptions: Failed to locate the element-[WaitingStratgey]->locateElement()
at com.demoappsframework.utilities.WaitingStratgey.locateElement(WaitingStratgey.java:30)
at com.demoappsframwork.PageLayers.WelcomePage.verifyMultipleProductsCart(WelcomePage.java:145)
at com.demoapps.testcase.IntegrationTestCase.iTC_06VerifyMultipleCartProducts(IntegrationTestCase.java:48)
at java.base/java.util.ArrayList.forEach(ArrayList.java:1596)
at java.base/java.util.concurrent.FutureTask.run(FutureTask.java:317)
at java.base/java.util.concurrent.ThreadPoolExecutor.runWorker(ThreadPoolExecutor.java:1144)
at java.base/java.util.concurrent.ThreadPoolExecutor$Worker.run(ThreadPoolExecutor.java:642)
at java.base/java.lang.Thread.run(Thread.java:1583)
... Removed 15 stack frames]]>
    </failure>
  </testcase> <!-- iTC_06VerifyMultipleCartProducts -->
  <testcase classname="com.demoapps.testcase.IntegrationTestCase" name="iTC_06VerifyMultipleCartProducts" time="0.0">
    <skipped/>
  </testcase> <!-- iTC_06VerifyMultipleCartProducts -->
  <testcase classname="com.demoapps.testcase.IntegrationTestCase" name="iTC_06VerifyMultipleCartProducts" time="0.0">
    <skipped/>
  </testcase> <!-- iTC_06VerifyMultipleCartProducts -->
  <testcase classname="com.demoapps.testcase.IntegrationTestCase" name="iTC_06VerifyMultipleCartProducts" time="0.0">
    <skipped/>
  </testcase> <!-- iTC_06VerifyMultipleCartProducts -->
  <testcase classname="com.demoapps.testcase.IntegrationTestCase" name="iTC_06VerifyMultipleCartProducts" time="0.001">
    <skipped/>
  </testcase> <!-- iTC_06VerifyMultipleCartProducts -->
  <testcase classname="com.demoapps.testcase.IntegrationTestCase" name="iTC_06VerifyMultipleCartProducts" time="0.0">
    <skipped/>
  </testcase> <!-- iTC_06VerifyMultipleCartProducts -->
  <testcase classname="com.demoapps.testcase.SmokeTestCase" name="smokeTC_01" time="0.034">
    <failure type="java.lang.AssertionError" message="null">
      <![CDATA[java.lang.AssertionError: null
at com.demoapps.testcase.SmokeTestCase.smokeTC_01(SmokeTestCase.java:16)
at java.base/java.util.ArrayList.forEach(ArrayList.java:1596)
at java.base/java.util.concurrent.FutureTask.run(FutureTask.java:317)
at java.base/java.util.concurrent.ThreadPoolExecutor.runWorker(ThreadPoolExecutor.java:1144)
at java.base/java.util.concurrent.ThreadPoolExecutor$Worker.run(ThreadPoolExecutor.java:642)
at java.base/java.lang.Thread.run(Thread.java:1583)
... Removed 17 stack frames]]>
    </failure>
  </testcase> <!-- smokeTC_01 -->
  <testcase classname="com.demoapps.testcase.SmokeTestCase" name="smokeTC_02" time="0.031"/>
  <testcase classname="com.demoapps.testcase.SmokeTestCase" name="smokeTC_03" time="0.029"/>
  <testcase classname="com.demoapps.testcase.SmokeTestCase" name="smokeTC_04" time="0.029"/>
  <testcase classname="com.demoapps.testcase.SmokeTestCase" name="smokeTC_06" time="0.028"/>
  <testcase classname="com.demoapps.testcase.SmokeTestCase" name="smokeTc_07" time="0.62"/>
</testsuite> <!-- EdgeTest -->
