<?xml version="1.0" encoding="UTF-8"?>
<!-- Generated by org.testng.reporters.JUnitXMLReporter -->
<testsuite ignored="0" hostname="Darshu_PC" failures="0" tests="17" name="FireFoxTest" time="25.881" errors="0" timestamp="2026-06-30T12:24:08 IST">
  <testcase classname="com.demoapps.testBase.BaseTest" name="@AfterMethod attachScreenShotChainTest" time="0.001">
    <failure type="org.openqa.selenium.NoSuchSessionException" message="Session ID is null. Using WebDriver after calling quit()?
Build info: version: &amp;apos;4.44.0&amp;apos;, revision: &amp;apos;da2039b&amp;apos;
System info: os.name: &amp;apos;Windows 11&amp;apos;, os.arch: &amp;apos;amd64&amp;apos;, os.version: &amp;apos;10.0&amp;apos;, java.version: &amp;apos;21.0.11&amp;apos;
Driver info: org.openqa.selenium.edge.EdgeDriver
Command: [null, screenshot {}]
Capabilities {acceptInsecureCerts: false, browserName: MicrosoftEdge, browserVersion: 149.0.4022.98, fedcm:accounts: true, goog:processID: 14212, ms:edgeOptions: {debuggerAddress: localhost:51420}, msedge: {msedgedriverVersion: 149.0.4022.98 (d8414318246f..., userDataDir: C:\Users\Darsh\AppData\Loca...}, networkConnectionEnabled: false, pageLoadStrategy: normal, platformName: windows, proxy: Proxy(), se:cdp: ws://localhost:51420/devtoo..., se:cdpVersion: 149.0.4022.98, setWindowRect: true, strictFileInteractability: false, timeouts: {implicit: 0, pageLoad: 300000, script: 30000}, unhandledPromptBehavior: dismiss and notify, webauthn:extension:credBlob: true, webauthn:extension:largeBlob: true, webauthn:extension:minPinLength: true, webauthn:extension:prf: true, webauthn:virtualAuthenticators: true}">
      <![CDATA[org.openqa.selenium.NoSuchSessionException: Session ID is null. Using WebDriver after calling quit()?
Build info: version: '4.44.0', revision: 'da2039b'
System info: os.name: 'Windows 11', os.arch: 'amd64', os.version: '10.0', java.version: '21.0.11'
Driver info: org.openqa.selenium.edge.EdgeDriver
Command: [null, screenshot {}]
Capabilities {acceptInsecureCerts: false, browserName: MicrosoftEdge, browserVersion: 149.0.4022.98, fedcm:accounts: true, goog:processID: 14212, ms:edgeOptions: {debuggerAddress: localhost:51420}, msedge: {msedgedriverVersion: 149.0.4022.98 (d8414318246f..., userDataDir: C:\Users\Darsh\AppData\Loca...}, networkConnectionEnabled: false, pageLoadStrategy: normal, platformName: windows, proxy: Proxy(), se:cdp: ws://localhost:51420/devtoo..., se:cdpVersion: 149.0.4022.98, setWindowRect: true, strictFileInteractability: false, timeouts: {implicit: 0, pageLoad: 300000, script: 30000}, unhandledPromptBehavior: dismiss and notify, webauthn:extension:credBlob: true, webauthn:extension:largeBlob: true, webauthn:extension:minPinLength: true, webauthn:extension:prf: true, webauthn:virtualAuthenticators: true}
at org.openqa.selenium.remote.HttpCommandExecutor.execute(HttpCommandExecutor.java:185)
at org.openqa.selenium.remote.service.DriverCommandExecutor.invokeExecute(DriverCommandExecutor.java:217)
at org.openqa.selenium.remote.service.DriverCommandExecutor.execute(DriverCommandExecutor.java:175)
at org.openqa.selenium.remote.RemoteWebDriver.execute(RemoteWebDriver.java:600)
at org.openqa.selenium.remote.RemoteWebDriver.execute(RemoteWebDriver.java:682)
at org.openqa.selenium.remote.RemoteWebDriver.execute(RemoteWebDriver.java:686)
at org.openqa.selenium.remote.RemoteWebDriver.getScreenshotAs(RemoteWebDriver.java:387)
at com.demoappsframework.utilities.ScreenShotUtility.getScreenShotBytes(ScreenShotUtility.java:19)
at com.demoapps.testBase.BaseTest.attachScreenShotChainTest(BaseTest.java:81)
at java.base/java.util.ArrayList.forEach(ArrayList.java:1596)
at java.base/java.util.concurrent.FutureTask.run(FutureTask.java:317)
at java.base/java.util.concurrent.ThreadPoolExecutor.runWorker(ThreadPoolExecutor.java:1144)
at java.base/java.util.concurrent.ThreadPoolExecutor$Worker.run(ThreadPoolExecutor.java:642)
at java.base/java.lang.Thread.run(Thread.java:1583)
... Removed 20 stack frames]]>
    </failure>
  </testcase> <!-- @AfterMethod attachScreenShotChainTest -->
  <testcase classname="com.demoapps.testBase.BaseTest" name="@AfterMethod attachScreenShotChainTest" time="0.0">
    <skipped/>
  </testcase> <!-- @AfterMethod attachScreenShotChainTest -->
  <testcase classname="com.demoapps.testBase.BaseTest" name="@AfterMethod attachScreenShotChainTest" time="0.0">
    <skipped/>
  </testcase> <!-- @AfterMethod attachScreenShotChainTest -->
  <testcase classname="com.demoapps.testBase.BaseTest" name="@AfterMethod attachScreenShotChainTest" time="0.0">
    <skipped/>
  </testcase> <!-- @AfterMethod attachScreenShotChainTest -->
  <testcase classname="com.demoapps.testBase.BaseTest" name="@AfterMethod attachScreenShotChainTest" time="0.0">
    <skipped/>
  </testcase> <!-- @AfterMethod attachScreenShotChainTest -->
  <testcase classname="com.demoapps.testBase.BaseTest" name="@AfterMethod attachScreenShotChainTest" time="0.0">
    <skipped/>
  </testcase> <!-- @AfterMethod attachScreenShotChainTest -->
  <testcase classname="com.demoapps.testBase.BaseTest" name="@AfterClass closeBrowser" time="0.0">
    <skipped/>
  </testcase> <!-- @AfterClass closeBrowser -->
  <testcase classname="com.demoapps.testcase.FuncationalTestCase" name="FC_01userRegistrationPage" time="0.0">
    <skipped/>
  </testcase> <!-- FC_01userRegistrationPage -->
  <testcase classname="com.demoapps.testcase.IntegrationTestCase" name="iTC_06VerifyMultipleCartProducts" time="2.318"/>
  <testcase classname="com.demoapps.testcase.IntegrationTestCase" name="iTC_06VerifyMultipleCartProducts" time="2.168"/>
  <testcase classname="com.demoapps.testcase.IntegrationTestCase" name="iTC_06VerifyMultipleCartProducts" time="2.198"/>
  <testcase classname="com.demoapps.testcase.IntegrationTestCase" name="iTC_06VerifyMultipleCartProducts" time="2.266"/>
  <testcase classname="com.demoapps.testcase.IntegrationTestCase" name="iTC_06VerifyMultipleCartProducts" time="2.416"/>
  <testcase classname="com.demoapps.testcase.IntegrationTestCase" name="iTC_06VerifyMultipleCartProducts" time="2.35"/>
  <testcase classname="com.demoapps.testcase.SmokeTestCase" name="smokeTC_01" time="0.0">
    <skipped/>
  </testcase> <!-- smokeTC_01 -->
  <testcase classname="com.demoapps.testcase.SmokeTestCase" name="smokeTC_02" time="0.0">
    <skipped/>
  </testcase> <!-- smokeTC_02 -->
  <testcase classname="com.demoapps.testcase.SmokeTestCase" name="smokeTC_03" time="0.0">
    <skipped/>
  </testcase> <!-- smokeTC_03 -->
  <testcase classname="com.demoapps.testcase.SmokeTestCase" name="smokeTC_04" time="0.0">
    <skipped/>
  </testcase> <!-- smokeTC_04 -->
  <testcase classname="com.demoapps.testcase.SmokeTestCase" name="smokeTC_06" time="0.0">
    <skipped/>
  </testcase> <!-- smokeTC_06 -->
  <testcase classname="com.demoapps.testcase.SmokeTestCase" name="smokeTc_07" time="0.0">
    <skipped/>
  </testcase> <!-- smokeTc_07 -->
  <testcase classname="com.demoapps.testcase.SmokeTestCase" name="verifyTitleOfApparelAndShoes" time="0.0">
    <skipped/>
  </testcase> <!-- verifyTitleOfApparelAndShoes -->
  <testcase classname="com.demoapps.testcase.SmokeTestCase" name="verifyTitleOfBookPage" time="0.0">
    <skipped/>
  </testcase> <!-- verifyTitleOfBookPage -->
  <testcase classname="com.demoapps.testcase.SmokeTestCase" name="verifyTitleOfElectronicsPage" time="0.0">
    <skipped/>
  </testcase> <!-- verifyTitleOfElectronicsPage -->
  <testcase classname="com.demoapps.testcase.SmokeTestCase" name="verifyTitleOfJewelryPage" time="0.0">
    <skipped/>
  </testcase> <!-- verifyTitleOfJewelryPage -->
</testsuite> <!-- FireFoxTest -->
