<?xml version="1.0" encoding="UTF-8"?>
<!-- Generated by org.testng.reporters.JUnitXMLReporter -->
<testsuite ignored="0" hostname="Darshu_PC" failures="0" tests="0" name="SampleRegressionTest" time="15.921" errors="0" timestamp="2026-06-30T12:04:46 IST">
  <testcase classname="com.demoapps.testBase.BaseTest" name="@AfterClass closeBrowser" time="0.008">
    <failure type="com.demoappsframework.FrameWorkExpections.ApplicationExceptions" message="Failed to terminateBrowser-[BrowserControls]-&amp;gt;terminateBrowser()">
      <![CDATA[com.demoappsframework.FrameWorkExpections.ApplicationExceptions: Failed to terminateBrowser-[BrowserControls]->terminateBrowser()
at com.demoappsframework.utilities.BrowserControls.terminateBrowser(BrowserControls.java:223)
at com.demoapps.testBase.BaseTest.closeBrowser(BaseTest.java:92)
at java.base/java.util.ArrayList.forEach(ArrayList.java:1596)
... Removed 24 stack frames]]>
    </failure>
  </testcase> <!-- @AfterClass closeBrowser -->
</testsuite> <!-- SampleRegressionTest -->
