<?xml version="1.0" encoding="UTF-8"?>
<!-- Generated by org.testng.reporters.JUnitReportReporter -->
<testsuite hostname="Darshu_PC" failures="0" tests="4" name="com.demoapps.testcase.FuncationalTestCase" time="5.601" errors="2" timestamp="2026-06-30T12:24:23 IST" skipped="2">
  <testcase classname="com.demoapps.testcase.FuncationalTestCase" name="browserSetup" time="2.848">
    <error message="Failed to maximize browser-[BrowserControls]-&gt;maxmizeBrowser()" type="com.demoappsframework.FrameWorkExpections.ApplicationExceptions">
      <![CDATA[com.demoappsframework.FrameWorkExpections.ApplicationExceptions: Failed to maximize browser-[BrowserControls]->maxmizeBrowser()
at com.demoappsframework.utilities.BrowserControls.maxmizeBrowser(BrowserControls.java:59)
at com.demoapps.testBase.BaseTest.browserSetup(BaseTest.java:55)
at java.base/jdk.internal.reflect.DirectMethodHandleAccessor.invoke(DirectMethodHandleAccessor.java:103)
at java.base/java.lang.reflect.Method.invoke(Method.java:580)
at org.testng.internal.invokers.MethodInvocationHelper.invokeMethod(MethodInvocationHelper.java:141)
at org.testng.internal.invokers.MethodInvocationHelper.invokeMethodConsideringTimeout(MethodInvocationHelper.java:71)
at org.testng.internal.invokers.ConfigInvoker.invokeConfigurationMethod(ConfigInvoker.java:400)
at org.testng.internal.invokers.ConfigInvoker.invokeConfigurations(ConfigInvoker.java:333)
at org.testng.internal.invokers.TestMethodWorker.invokeBeforeClassMethods(TestMethodWorker.java:188)
at org.testng.internal.invokers.TestMethodWorker.run(TestMethodWorker.java:128)
at java.base/java.util.ArrayList.forEach(ArrayList.java:1596)
at org.testng.TestRunner.privateRun(TestRunner.java:741)
at org.testng.TestRunner.run(TestRunner.java:616)
at org.testng.SuiteRunner.runTest(SuiteRunner.java:421)
at org.testng.SuiteRunner$SuiteWorker.run(SuiteRunner.java:463)
at org.testng.internal.thread.ThreadUtil.lambda$execute$0(ThreadUtil.java:64)
at java.base/java.util.concurrent.FutureTask.run(FutureTask.java:317)
at java.base/java.util.concurrent.ThreadPoolExecutor.runWorker(ThreadPoolExecutor.java:1144)
at java.base/java.util.concurrent.ThreadPoolExecutor$Worker.run(ThreadPoolExecutor.java:642)
at java.base/java.lang.Thread.run(Thread.java:1583)
]]>
    </error>
  </testcase> <!-- browserSetup -->
  <testcase classname="com.demoapps.testcase.FuncationalTestCase" name="FC_01userRegistrationPage" time="0.000">
    <skipped/>
    <system-out>
      <![CDATA[Test execution SkippedFC_01userRegistrationPage]]>
    </system-out>
  </testcase> <!-- FC_01userRegistrationPage -->
  <testcase classname="com.demoapps.testcase.FuncationalTestCase" name="FC_01userRegistrationPage" time="0.000">
    <skipped/>
    <system-out>
      <![CDATA[Test execution SkippedFC_01userRegistrationPage]]>
    </system-out>
  </testcase> <!-- FC_01userRegistrationPage -->
  <testcase classname="com.demoapps.testcase.FuncationalTestCase" name="browserSetup" time="2.753">
    <error message="Failed to maximize browser-[BrowserControls]-&gt;maxmizeBrowser()" type="com.demoappsframework.FrameWorkExpections.ApplicationExceptions">
      <![CDATA[com.demoappsframework.FrameWorkExpections.ApplicationExceptions: Failed to maximize browser-[BrowserControls]->maxmizeBrowser()
at com.demoappsframework.utilities.BrowserControls.maxmizeBrowser(BrowserControls.java:59)
at com.demoapps.testBase.BaseTest.browserSetup(BaseTest.java:55)
at java.base/jdk.internal.reflect.DirectMethodHandleAccessor.invoke(DirectMethodHandleAccessor.java:103)
at java.base/java.lang.reflect.Method.invoke(Method.java:580)
at org.testng.internal.invokers.MethodInvocationHelper.invokeMethod(MethodInvocationHelper.java:141)
at org.testng.internal.invokers.MethodInvocationHelper.invokeMethodConsideringTimeout(MethodInvocationHelper.java:71)
at org.testng.internal.invokers.ConfigInvoker.invokeConfigurationMethod(ConfigInvoker.java:400)
at org.testng.internal.invokers.ConfigInvoker.invokeConfigurations(ConfigInvoker.java:333)
at org.testng.internal.invokers.TestMethodWorker.invokeBeforeClassMethods(TestMethodWorker.java:188)
at org.testng.internal.invokers.TestMethodWorker.run(TestMethodWorker.java:128)
at java.base/java.util.ArrayList.forEach(ArrayList.java:1596)
at org.testng.TestRunner.privateRun(TestRunner.java:741)
at org.testng.TestRunner.run(TestRunner.java:616)
at org.testng.SuiteRunner.runTest(SuiteRunner.java:421)
at org.testng.SuiteRunner$SuiteWorker.run(SuiteRunner.java:463)
at org.testng.internal.thread.ThreadUtil.lambda$execute$0(ThreadUtil.java:64)
at java.base/java.util.concurrent.FutureTask.run(FutureTask.java:317)
at java.base/java.util.concurrent.ThreadPoolExecutor.runWorker(ThreadPoolExecutor.java:1144)
at java.base/java.util.concurrent.ThreadPoolExecutor$Worker.run(ThreadPoolExecutor.java:642)
at java.base/java.lang.Thread.run(Thread.java:1583)
]]>
    </error>
  </testcase> <!-- browserSetup -->
  <system-out>
    <![CDATA[Suite execution startedChromeTest
Test execution startedFC_01userRegistrationPage
Test execution SkippedFC_01userRegistrationPage
Suite execution startedFireFoxTest
Test execution startedFC_01userRegistrationPage
Test execution SkippedFC_01userRegistrationPage
Suite execution startedEdgeTest
The launched Browser is edge
The launched Browser is in headlessmode true
The launched Browser is in incognitomode true
Test execution startedFC_01userRegistrationPage
Test execution FailedFC_01userRegistrationPage
Capturing screenshot for failed test caseFC_01userRegistrationPage
The launched browser is closed
The launched Browser is chrome
The launched Browser is in headlessmode true
The launched Browser is in incognitomode true
Test execution startediTC_06VerifyMultipleCartProducts
The launched Browser is firefox
The launched Browser is in headlessmode true
The launched Browser is in incognitomode true
Test execution startediTC_06VerifyMultipleCartProducts
Test execution Success
Test execution startediTC_06VerifyMultipleCartProducts
Test execution Success
Test execution startediTC_06VerifyMultipleCartProducts
The launched Browser is edge
The launched Browser is in headlessmode true
The launched Browser is in incognitomode true
Test execution startediTC_06VerifyMultipleCartProducts
Test execution Success
Test execution startediTC_06VerifyMultipleCartProducts
Test execution Success
Test execution startediTC_06VerifyMultipleCartProducts
Test execution Success
Test execution startediTC_06VerifyMultipleCartProducts
Test execution Success
Test execution startediTC_06VerifyMultipleCartProducts
Test execution FailediTC_06VerifyMultipleCartProducts
Capturing screenshot for failed test caseiTC_06VerifyMultipleCartProducts
Test execution startediTC_06VerifyMultipleCartProducts
Test execution Success
The launched browser is closed
Test execution FailediTC_06VerifyMultipleCartProducts
Capturing screenshot for failed test caseiTC_06VerifyMultipleCartProducts
Test execution startediTC_06VerifyMultipleCartProducts
Test execution SkippediTC_06VerifyMultipleCartProducts
Test execution startediTC_06VerifyMultipleCartProducts
Test execution SkippediTC_06VerifyMultipleCartProducts
Test execution startediTC_06VerifyMultipleCartProducts
Test execution SkippediTC_06VerifyMultipleCartProducts
Test execution startediTC_06VerifyMultipleCartProducts
Test execution SkippediTC_06VerifyMultipleCartProducts
Test execution startediTC_06VerifyMultipleCartProducts
Test execution SkippediTC_06VerifyMultipleCartProducts
Test execution Success
Test execution startediTC_06VerifyMultipleCartProducts
Test execution startedsmokeTC_01
Test execution SkippedsmokeTC_01
Test execution startedsmokeTC_02
Test execution SkippedsmokeTC_02
Test execution startedsmokeTC_03
Test execution SkippedsmokeTC_03
Test execution startedsmokeTC_04
Test execution SkippedsmokeTC_04
Test execution startedsmokeTC_06
Test execution SkippedsmokeTC_06
Test execution startedsmokeTc_07
Test execution SkippedsmokeTc_07
Test execution startedverifyTitleOfApparelAndShoes
Test execution SkippedverifyTitleOfApparelAndShoes
Test execution startedverifyTitleOfBookPage
Test execution SkippedverifyTitleOfBookPage
Test execution startedverifyTitleOfElectronicsPage
Test execution SkippedverifyTitleOfElectronicsPage
Test execution startedverifyTitleOfJewelryPage
Test execution SkippedverifyTitleOfJewelryPage
Suite execution finishedFireFoxTest
Test execution Success
Test execution startediTC_06VerifyMultipleCartProducts
The launched Browser is edge
The launched Browser is in headlessmode true
The launched Browser is in incognitomode true
Test execution startedsmokeTC_01
Test execution Success
Test execution startediTC_06VerifyMultipleCartProducts
Test execution FailedsmokeTC_01
Capturing screenshot for failed test casesmokeTC_01
Test execution startedsmokeTC_02
Test execution Success
Test execution startedsmokeTC_03
Test execution Success
Test execution startedsmokeTC_04
Test execution Success
Test execution startedsmokeTC_06
Test execution Success
Test execution startedsmokeTc_07
Page Title: Demo Web Shop. Register
Test execution Success
Test execution startedverifyTitleOfApparelAndShoes
Test execution Success
Test execution FailedverifyTitleOfApparelAndShoes
Test execution FailedverifyTitleOfApparelAndShoes
Suite execution finishedEdgeTest
The launched browser is closed
The launched Browser is chrome
The launched Browser is in headlessmode true
The launched Browser is in incognitomode true
Test execution startedsmokeTC_01
Test execution FailedsmokeTC_01
Capturing screenshot for failed test casesmokeTC_01
Test execution startedsmokeTC_02
Test execution Success
Test execution startedsmokeTC_03
Test execution Success
Test execution startedsmokeTC_04
Test execution Success
Test execution startedsmokeTC_06
Test execution Success
Test execution startedsmokeTc_07
Page Title: Demo Web Shop. Register
Test execution Success
Test execution startedverifyTitleOfApparelAndShoes
Page Title: Demo Web Shop. Apparel & Shoes
Test execution Success
Test execution startedverifyTitleOfBookPage
Page Title: Demo Web Shop. Books
Test execution Success
Test execution startedverifyTitleOfElectronicsPage
Page Title: Demo Web Shop. Electronics
Test execution Success
Test execution startedverifyTitleOfJewelryPage
Page Title: Demo Web Shop. Jewelry
Test execution Success
The launched browser is closed]]>
  </system-out>
</testsuite> <!-- com.demoapps.testcase.FuncationalTestCase -->
