<?xml version="1.0" encoding="UTF-8"?>
<!-- Generated by org.testng.reporters.JUnitXMLReporter -->
<testsuite ignored="0" hostname="Darshu_PC" failures="1" tests="10" name="SampleTestRun" time="16.6" errors="0" timestamp="2026-06-30T11:00:36 IST">
  <testcase classname="com.demoapps.testcase.SmokeTestCase" name="smokeTC_01" time="0.167">
    <failure type="java.lang.AssertionError" message="null">
      <![CDATA[java.lang.AssertionError: null
at com.demoapps.testcase.SmokeTestCase.smokeTC_01(SmokeTestCase.java:16)
at java.base/java.util.ArrayList.forEach(ArrayList.java:1596)
... Removed 27 stack frames]]>
    </failure>
  </testcase> <!-- smokeTC_01 -->
  <testcase classname="com.demoapps.testcase.SmokeTestCase" name="smokeTC_02" time="0.034"/>
  <testcase classname="com.demoapps.testcase.SmokeTestCase" name="smokeTC_03" time="0.036"/>
  <testcase classname="com.demoapps.testcase.SmokeTestCase" name="smokeTC_04" time="0.034"/>
  <testcase classname="com.demoapps.testcase.SmokeTestCase" name="smokeTC_06" time="0.037"/>
  <testcase classname="com.demoapps.testcase.SmokeTestCase" name="smokeTc_07" time="0.672"/>
  <testcase classname="com.demoapps.testcase.SmokeTestCase" name="verifyTitleOfApparelAndShoes" time="1.135"/>
  <testcase classname="com.demoapps.testcase.SmokeTestCase" name="verifyTitleOfBookPage" time="1.272"/>
  <testcase classname="com.demoapps.testcase.SmokeTestCase" name="verifyTitleOfElectronicsPage" time="1.018"/>
  <testcase classname="com.demoapps.testcase.SmokeTestCase" name="verifyTitleOfJewelryPage" time="0.962"/>
</testsuite> <!-- SampleTestRun -->
